Added Component: Designator=C30(0805)
Add component. Clean all parameters for all variants
Added Component: Designator=C31(CAP200)
Add component. Clean all parameters for all variants
Added Component: Designator=C45(CAP100)
Add component. Clean all parameters for all variants
Added Component: Designator=C_DES1(0805)
Add component. Clean all parameters for all variants
Added Component: Designator=C_DES2(0805)
Add component. Clean all parameters for all variants
Added Component: Designator=C_DES3(0805)
Add component. Clean all parameters for all variants
Added Component: Designator=C_DES4(0805)
Add component. Clean all parameters for all variants
Added Component: Designator=C_DES5(0805)
Add component. Clean all parameters for all variants
Added Component: Designator=C_DES6(0805)
Add component. Clean all parameters for all variants
Added Component: Designator=C_VDDA(0805)
Add component. Clean all parameters for all variants
Added Component: Designator=CAP_EXTAL32(0805)
Add component. Clean all parameters for all variants
Added Component: Designator=CAP_VBAT(0805)
Add component. Clean all parameters for all variants
Added Component: Designator=CAP_VOUT33(0805)
Add component. Clean all parameters for all variants
Added Component: Designator=CAP_VREGIN(CAP200)
Add component. Clean all parameters for all variants
Added Component: Designator=CAP_XTAL32(0805)
Add component. Clean all parameters for all variants
Added Component: Designator=D_VDDA(DO41)
Add component. Clean all parameters for all variants
Added Component: Designator=HDR(JUMPER2)
Add component. Clean all parameters for all variants
Added Component: Designator=ILI9341(SIP9)
Add component. Clean all parameters for all variants
Added Component: Designator=J11(JUMPER2)
Add component. Clean all parameters for all variants
Added Component: Designator=J21(JUMPER2)
Add component. Clean all parameters for all variants
Added Component: Designator=J?(SIP5*2)
Add component. Clean all parameters for all variants
Added Component: Designator=J_VBAT(JUMPER2)
Add component. Clean all parameters for all variants
Added Component: Designator=K64(LQFP-100_14X14X1)
Add component. Clean all parameters for all variants
Add component (AddParameter): Name = "CPU"; Value = "ARM Cortex-M4F"; VariantName = "[No Variations]"
Add component (AddParameter): Name = "Flash_KB"; Value = "1024"; VariantName = "[No Variations]"
Add component (AddParameter): Name = "Manufacturer_Part_Number"; Value = "mk64fn1m0vll12"; VariantName = "[No Variations]"
Add component (AddParameter): Name = "Max_Frequency"; Value = "120"; VariantName = "[No Variations]"
Add component (AddParameter): Name = "Package"; Value = "LQFP"; VariantName = "[No Variations]"
Add component (AddParameter): Name = "Pin_Count"; Value = "100"; VariantName = "[No Variations]"
Add component (AddParameter): Name = "RefDes"; Value = "RefDes"; VariantName = "[No Variations]"
Add component (AddParameter): Name = "SRAM_KB"; Value = "256"; VariantName = "[No Variations]"
Add component (AddParameter): Name = "Type"; Value = "DEV"; VariantName = "[No Variations]"
Add component (AddParameter): Name = "Value"; Value = "Value"; VariantName = "[No Variations]"
Add component (AddParameter): Name = "Vendor"; Value = "FREESCALE"; VariantName = "[No Variations]"
Added Component: Designator=L4(INDUCTOR_FM)
Add component. Clean all parameters for all variants
Added Component: Designator=L5(INDUCTOR_FM)
Add component. Clean all parameters for all variants
Added Component: Designator=R46(RES400)
Add component. Clean all parameters for all variants
Added Component: Designator=R49(RES400)
Add component. Clean all parameters for all variants
Added Component: Designator=R72(RES400)
Add component. Clean all parameters for all variants
Added Component: Designator=R80(RES400)
Add component. Clean all parameters for all variants
Added Component: Designator=R_EXTAL32(0805)
Add component. Clean all parameters for all variants
Added Component: Designator=R_TAL32(0805)
Add component. Clean all parameters for all variants
Added Component: Designator=R_VDDA1(0805)
Add component. Clean all parameters for all variants
Added Component: Designator=R_VDDA2(0805)
Add component. Clean all parameters for all variants
Added Component: Designator=R_VDDA3(RES400)
Add component. Clean all parameters for all variants
Added Component: Designator=R_XTAL32(0805)
Add component. Clean all parameters for all variants
Added Component: Designator=R_XTAL_K64_MAIN(0805)
Add component. Clean all parameters for all variants
Added Component: Designator=RPTC10(0805)
Add component. Clean all parameters for all variants
Added Component: Designator=RPTC11(0805)
Add component. Clean all parameters for all variants
Added Component: Designator=TAL_32(CRISTAL PERFIL)
Add component. Clean all parameters for all variants
Added Component: Designator=TP_VOUT33(TPTH)
Add component. Clean all parameters for all variants
Added Pin To Net: NetName=EXTAL32_RTC Pin=K64-29
Added Pin To Net: NetName=EXTAL32_RTC Pin=R_EXTAL32-1
Added Net: Name=EXTAL32_RTC
Added Pin To Net: NetName=EXTAL_32.768KHz Pin=CAP_EXTAL32-1
Added Pin To Net: NetName=EXTAL_32.768KHz Pin=R_EXTAL32-2
Added Pin To Net: NetName=EXTAL_32.768KHz Pin=R_TAL32-2
Added Pin To Net: NetName=EXTAL_32.768KHz Pin=TAL_32-2
Added Net: Name=EXTAL_32.768KHz
Added Pin To Net: NetName=ILI9341_3V3 Pin=C_DES1-1
Added Pin To Net: NetName=ILI9341_3V3 Pin=C_DES2-1
Added Pin To Net: NetName=ILI9341_3V3 Pin=C_DES3-1
Added Pin To Net: NetName=ILI9341_3V3 Pin=C_DES4-1
Added Pin To Net: NetName=ILI9341_3V3 Pin=C_DES5-1
Added Pin To Net: NetName=ILI9341_3V3 Pin=C_DES6-1
Added Pin To Net: NetName=ILI9341_3V3 Pin=C_VDDA-1
Added Pin To Net: NetName=ILI9341_3V3 Pin=ILI9341-1
Added Pin To Net: NetName=ILI9341_3V3 Pin=ILI9341-8
Added Pin To Net: NetName=ILI9341_3V3 Pin=J?-1
Added Pin To Net: NetName=ILI9341_3V3 Pin=J_VBAT-1
Added Pin To Net: NetName=ILI9341_3V3 Pin=K64-8
Added Pin To Net: NetName=ILI9341_3V3 Pin=K64-22
Added Pin To Net: NetName=ILI9341_3V3 Pin=K64-40
Added Pin To Net: NetName=ILI9341_3V3 Pin=K64-48
Added Pin To Net: NetName=ILI9341_3V3 Pin=K64-61
Added Pin To Net: NetName=ILI9341_3V3 Pin=K64-75
Added Pin To Net: NetName=ILI9341_3V3 Pin=K64-89
Added Pin To Net: NetName=ILI9341_3V3 Pin=R_VDDA1-1
Added Pin To Net: NetName=ILI9341_3V3 Pin=R_VDDA2-1
Added Pin To Net: NetName=ILI9341_3V3 Pin=RPTC10-1
Added Pin To Net: NetName=ILI9341_3V3 Pin=RPTC11-1
Added Net: Name=ILI9341_3V3
Added Pin To Net: NetName=ILI9341_GND Pin=C30-2
Added Pin To Net: NetName=ILI9341_GND Pin=C31-2
Added Pin To Net: NetName=ILI9341_GND Pin=C45-2
Added Pin To Net: NetName=ILI9341_GND Pin=C_DES1-2
Added Pin To Net: NetName=ILI9341_GND Pin=C_DES2-2
Added Pin To Net: NetName=ILI9341_GND Pin=C_DES3-2
Added Pin To Net: NetName=ILI9341_GND Pin=C_DES4-2
Added Pin To Net: NetName=ILI9341_GND Pin=C_DES5-2
Added Pin To Net: NetName=ILI9341_GND Pin=C_DES6-2
Added Pin To Net: NetName=ILI9341_GND Pin=C_VDDA-2
Added Pin To Net: NetName=ILI9341_GND Pin=CAP_EXTAL32-2
Added Pin To Net: NetName=ILI9341_GND Pin=CAP_VBAT-2
Added Pin To Net: NetName=ILI9341_GND Pin=CAP_VOUT33-2
Added Pin To Net: NetName=ILI9341_GND Pin=CAP_VREGIN-2
Added Pin To Net: NetName=ILI9341_GND Pin=CAP_XTAL32-2
Added Pin To Net: NetName=ILI9341_GND Pin=D_VDDA-1
Added Pin To Net: NetName=ILI9341_GND Pin=ILI9341-2
Added Pin To Net: NetName=ILI9341_GND Pin=J?-3
Added Pin To Net: NetName=ILI9341_GND Pin=J?-5
Added Pin To Net: NetName=ILI9341_GND Pin=K64-9
Added Pin To Net: NetName=ILI9341_GND Pin=K64-24
Added Pin To Net: NetName=ILI9341_GND Pin=K64-25
Added Pin To Net: NetName=ILI9341_GND Pin=K64-41
Added Pin To Net: NetName=ILI9341_GND Pin=K64-49
Added Pin To Net: NetName=ILI9341_GND Pin=K64-60
Added Pin To Net: NetName=ILI9341_GND Pin=K64-74
Added Pin To Net: NetName=ILI9341_GND Pin=K64-88
Added Pin To Net: NetName=ILI9341_GND Pin=L4-2
Added Pin To Net: NetName=ILI9341_GND Pin=R72-1
Added Pin To Net: NetName=ILI9341_GND Pin=R_XTAL_K64_MAIN-1
Added Net: Name=ILI9341_GND
Added Pin To Net: NetName=ILI9341_MISO Pin=ILI9341-9
Added Net: Name=ILI9341_MISO
Added Pin To Net: NetName=K64_MICRO_USB_DNpg Pin=K64-11
Added Pin To Net: NetName=K64_MICRO_USB_DNpg Pin=R49-1
Added Net: Name=K64_MICRO_USB_DNpg
Added Pin To Net: NetName=K64_MICRO_USB_DPpg Pin=K64-10
Added Pin To Net: NetName=K64_MICRO_USB_DPpg Pin=R46-1
Added Net: Name=K64_MICRO_USB_DPpg
Added Pin To Net: NetName=NetJ11_2 Pin=J11-2
Added Pin To Net: NetName=NetJ11_2 Pin=J?-4
Added Net: Name=NetJ11_2
Added Pin To Net: NetName=NetK64_14 Pin=K64-14
Added Net: Name=NetK64_14
Added Pin To Net: NetName=NetK64_15 Pin=K64-15
Added Net: Name=NetK64_15
Added Pin To Net: NetName=NetK64_16 Pin=K64-16
Added Net: Name=NetK64_16
Added Pin To Net: NetName=NetK64_17 Pin=K64-17
Added Net: Name=NetK64_17
Added Pin To Net: NetName=NetK64_18 Pin=K64-18
Added Net: Name=NetK64_18
Added Pin To Net: NetName=NetK64_19 Pin=K64-19
Added Net: Name=NetK64_19
Added Pin To Net: NetName=NetK64_20 Pin=K64-20
Added Net: Name=NetK64_20
Added Pin To Net: NetName=NetK64_21 Pin=K64-21
Added Net: Name=NetK64_21
Added Pin To Net: NetName=NetK64_26 Pin=K64-26
Added Net: Name=NetK64_26
Added Pin To Net: NetName=NetK64_27 Pin=K64-27
Added Net: Name=NetK64_27
Added Pin To Net: NetName=NetR_VDDA3_2 Pin=R_VDDA3-2
Added Net: Name=NetR_VDDA3_2
Added Pin To Net: NetName=P3V3 Pin=C30-1
Added Pin To Net: NetName=P3V3 Pin=C31-1
Added Net: Name=P3V3
Added Pin To Net: NetName=P5V0_USB_CONN_VBUS Pin=L5-1
Added Net: Name=P5V0_USB_CONN_VBUS
Added Pin To Net: NetName=P5V_K64_USB Pin=C45-1
Added Pin To Net: NetName=P5V_K64_USB Pin=HDR-2
Added Pin To Net: NetName=P5V_K64_USB Pin=J21-2
Added Pin To Net: NetName=P5V_K64_USB Pin=L5-2
Added Net: Name=P5V_K64_USB
Added Pin To Net: NetName=P5V_USB Pin=J21-1
Added Net: Name=P5V_USB
Added Pin To Net: NetName=PTA0 Pin=J11-1
Added Pin To Net: NetName=PTA0 Pin=K64-34
Added Net: Name=PTA0
Added Pin To Net: NetName=PTA1 Pin=K64-35
Added Net: Name=PTA1
Added Pin To Net: NetName=PTA2 Pin=K64-36
Added Pin To Net: NetName=PTA2 Pin=R80-2
Added Net: Name=PTA2
Added Pin To Net: NetName=PTA3 Pin=J?-2
Added Pin To Net: NetName=PTA3 Pin=K64-37
Added Net: Name=PTA3
Added Pin To Net: NetName=PTA4 Pin=K64-38
Added Net: Name=PTA4
Added Pin To Net: NetName=PTA5 Pin=K64-39
Added Net: Name=PTA5
Added Pin To Net: NetName=PTA12 Pin=K64-42
Added Net: Name=PTA12
Added Pin To Net: NetName=PTA13 Pin=K64-43
Added Net: Name=PTA13
Added Pin To Net: NetName=PTA14 Pin=K64-44
Added Net: Name=PTA14
Added Pin To Net: NetName=PTA15 Pin=K64-45
Added Net: Name=PTA15
Added Pin To Net: NetName=PTA16 Pin=K64-46
Added Net: Name=PTA16
Added Pin To Net: NetName=PTA17 Pin=K64-47
Added Net: Name=PTA17
Added Pin To Net: NetName=PTA18 Pin=K64-50
Added Net: Name=PTA18
Added Pin To Net: NetName=PTA19 Pin=K64-51
Added Pin To Net: NetName=PTA19 Pin=R_XTAL_K64_MAIN-2
Added Net: Name=PTA19
Added Pin To Net: NetName=PTB0 Pin=K64-53
Added Net: Name=PTB0
Added Pin To Net: NetName=PTB1 Pin=K64-54
Added Net: Name=PTB1
Added Pin To Net: NetName=PTB2 Pin=K64-55
Added Net: Name=PTB2
Added Pin To Net: NetName=PTB3 Pin=K64-56
Added Net: Name=PTB3
Added Pin To Net: NetName=PTB16 Pin=K64-62
Added Net: Name=PTB16
Added Pin To Net: NetName=PTB17 Pin=K64-63
Added Net: Name=PTB17
Added Pin To Net: NetName=PTB18 Pin=K64-64
Added Net: Name=PTB18
Added Pin To Net: NetName=PTB19 Pin=K64-65
Added Net: Name=PTB19
Added Pin To Net: NetName=PTB20 Pin=K64-66
Added Net: Name=PTB20
Added Pin To Net: NetName=PTB21 Pin=K64-67
Added Net: Name=PTB21
Added Pin To Net: NetName=PTB22 Pin=K64-68
Added Net: Name=PTB22
Added Pin To Net: NetName=PTB23 Pin=K64-69
Added Net: Name=PTB23
Added Pin To Net: NetName=PTC0 Pin=K64-70
Added Net: Name=PTC0
Added Pin To Net: NetName=PTC1 Pin=K64-71
Added Net: Name=PTC1
Added Pin To Net: NetName=PTC2 Pin=K64-72
Added Net: Name=PTC2
Added Pin To Net: NetName=PTC3 Pin=K64-73
Added Net: Name=PTC3
Added Pin To Net: NetName=PTC4 Pin=K64-76
Added Net: Name=PTC4
Added Pin To Net: NetName=PTC5 Pin=K64-77
Added Net: Name=PTC5
Added Pin To Net: NetName=PTC6 Pin=K64-78
Added Net: Name=PTC6
Added Pin To Net: NetName=PTC7 Pin=K64-79
Added Net: Name=PTC7
Added Pin To Net: NetName=PTC8 Pin=K64-80
Added Net: Name=PTC8
Added Pin To Net: NetName=PTC9 Pin=K64-81
Added Net: Name=PTC9
Added Pin To Net: NetName=PTC10 Pin=K64-82
Added Pin To Net: NetName=PTC10 Pin=RPTC10-2
Added Net: Name=PTC10
Added Pin To Net: NetName=PTC11 Pin=K64-83
Added Pin To Net: NetName=PTC11 Pin=RPTC11-2
Added Net: Name=PTC11
Added Pin To Net: NetName=PTC12 Pin=K64-84
Added Net: Name=PTC12
Added Pin To Net: NetName=PTC13 Pin=K64-85
Added Net: Name=PTC13
Added Pin To Net: NetName=PTC14 Pin=K64-86
Added Net: Name=PTC14
Added Pin To Net: NetName=PTC15 Pin=K64-87
Added Net: Name=PTC15
Added Pin To Net: NetName=PTC16 Pin=K64-90
Added Net: Name=PTC16
Added Pin To Net: NetName=PTC17 Pin=K64-91
Added Net: Name=PTC17
Added Pin To Net: NetName=PTC18 Pin=K64-92
Added Net: Name=PTC18
Added Pin To Net: NetName=PTD0 Pin=K64-93
Added Net: Name=PTD0
Added Pin To Net: NetName=PTD1 Pin=ILI9341-7
Added Pin To Net: NetName=PTD1 Pin=K64-94
Added Net: Name=PTD1
Added Pin To Net: NetName=PTD2 Pin=ILI9341-6
Added Pin To Net: NetName=PTD2 Pin=K64-95
Added Net: Name=PTD2
Added Pin To Net: NetName=PTD3 Pin=ILI9341-3
Added Pin To Net: NetName=PTD3 Pin=K64-96
Added Net: Name=PTD3
Added Pin To Net: NetName=PTD4 Pin=ILI9341-4
Added Pin To Net: NetName=PTD4 Pin=K64-97
Added Net: Name=PTD4
Added Pin To Net: NetName=PTD5 Pin=ILI9341-5
Added Pin To Net: NetName=PTD5 Pin=K64-98
Added Net: Name=PTD5
Added Pin To Net: NetName=PTD6 Pin=K64-99
Added Net: Name=PTD6
Added Pin To Net: NetName=PTD7 Pin=K64-100
Added Net: Name=PTD7
Added Pin To Net: NetName=PTE3 Pin=K64-3
Added Pin To Net: NetName=PTE3 Pin=K64-4
Added Net: Name=PTE3
Added Pin To Net: NetName=PTE4 Pin=K64-2
Added Pin To Net: NetName=PTE4 Pin=K64-5
Added Net: Name=PTE4
Added Pin To Net: NetName=PTE5 Pin=K64-1
Added Pin To Net: NetName=PTE5 Pin=K64-6
Added Net: Name=PTE5
Added Pin To Net: NetName=PTE6 Pin=K64-7
Added Net: Name=PTE6
Added Pin To Net: NetName=PTE9 Pin=K64-57
Added Net: Name=PTE9
Added Pin To Net: NetName=PTE10 Pin=K64-58
Added Net: Name=PTE10
Added Pin To Net: NetName=PTE11 Pin=K64-59
Added Net: Name=PTE11
Added Pin To Net: NetName=PTE24 Pin=K64-31
Added Net: Name=PTE24
Added Pin To Net: NetName=PTE25 Pin=K64-32
Added Net: Name=PTE25
Added Pin To Net: NetName=PTE26 Pin=K64-33
Added Net: Name=PTE26
Added Pin To Net: NetName=RST_TGTMCU_B Pin=J?-10
Added Pin To Net: NetName=RST_TGTMCU_B Pin=K64-52
Added Net: Name=RST_TGTMCU_B
Added Pin To Net: NetName=TRACE_SWO Pin=J?-6
Added Pin To Net: NetName=TRACE_SWO Pin=R80-1
Added Net: Name=TRACE_SWO
Added Pin To Net: NetName=USB_CONN_DN Pin=R49-2
Added Net: Name=USB_CONN_DN
Added Pin To Net: NetName=USB_CONN_DP Pin=R46-2
Added Net: Name=USB_CONN_DP
Added Pin To Net: NetName=USB_ID_TP Pin=R72-2
Added Net: Name=USB_ID_TP
Added Pin To Net: NetName=VBAT Pin=CAP_VBAT-1
Added Pin To Net: NetName=VBAT Pin=J_VBAT-2
Added Pin To Net: NetName=VBAT Pin=K64-30
Added Net: Name=VBAT
Added Pin To Net: NetName=VOUT33_K64 Pin=CAP_VOUT33-1
Added Pin To Net: NetName=VOUT33_K64 Pin=K64-12
Added Pin To Net: NetName=VOUT33_K64 Pin=TP_VOUT33-1
Added Net: Name=VOUT33_K64
Added Pin To Net: NetName=VREFH Pin=D_VDDA-2
Added Pin To Net: NetName=VREFH Pin=K64-23
Added Pin To Net: NetName=VREFH Pin=R_VDDA1-2
Added Pin To Net: NetName=VREFH Pin=R_VDDA2-2
Added Pin To Net: NetName=VREFH Pin=R_VDDA3-1
Added Net: Name=VREFH
Added Pin To Net: NetName=VREGIN_K64 Pin=CAP_VREGIN-1
Added Pin To Net: NetName=VREGIN_K64 Pin=HDR-1
Added Pin To Net: NetName=VREGIN_K64 Pin=K64-13
Added Net: Name=VREGIN_K64
Added Pin To Net: NetName=XTAL32_RTC Pin=K64-28
Added Pin To Net: NetName=XTAL32_RTC Pin=R_XTAL32-1
Added Net: Name=XTAL32_RTC
Added Pin To Net: NetName=XTAL_32.768KHz Pin=CAP_XTAL32-1
Added Pin To Net: NetName=XTAL_32.768KHz Pin=R_TAL32-1
Added Pin To Net: NetName=XTAL_32.768KHz Pin=R_XTAL32-2
Added Pin To Net: NetName=XTAL_32.768KHz Pin=TAL_32-1
Added Net: Name=XTAL_32.768KHz
Added Member To Class: ClassName=K64 Member=Component C30 0.1uF
Added Member To Class: ClassName=K64 Member=Component C31 10uF
Added Member To Class: ClassName=K64 Member=Component C45 1.0UF
Added Member To Class: ClassName=K64 Member=Component C_DES1 0.1uF
Added Member To Class: ClassName=K64 Member=Component C_DES2 0.1uF
Added Member To Class: ClassName=K64 Member=Component C_DES3 0.1uF
Added Member To Class: ClassName=K64 Member=Component C_DES4 0.1uF
Added Member To Class: ClassName=K64 Member=Component C_DES5 0.1uF
Added Member To Class: ClassName=K64 Member=Component C_DES6 0.1uF
Added Member To Class: ClassName=K64 Member=Component C_VDDA 0.1uF
Added Member To Class: ClassName=K64 Member=Component CAP_EXTAL32 12pF
Added Member To Class: ClassName=K64 Member=Component CAP_VBAT 0.1uF
Added Member To Class: ClassName=K64 Member=Component CAP_VOUT33 2.2uF
Added Member To Class: ClassName=K64 Member=Component CAP_VREGIN 10uF
Added Member To Class: ClassName=K64 Member=Component CAP_XTAL32 12pF
Added Member To Class: ClassName=K64 Member=Component D_VDDA 3V
Added Member To Class: ClassName=K64 Member=Component HDR JUMPER
Added Member To Class: ClassName=K64 Member=Component ILI9341 CON9
Added Member To Class: ClassName=K64 Member=Component J11 DNP
Added Member To Class: ClassName=K64 Member=Component J21 HDR 1X2
Added Member To Class: ClassName=K64 Member=Component J? CON5*2
Added Member To Class: ClassName=K64 Member=Component J_VBAT JUMPER
Added Member To Class: ClassName=K64 Member=Component K64 MK64FN1M0VLL12
Added Member To Class: ClassName=K64 Member=Component L4 330 OHM
Added Member To Class: ClassName=K64 Member=Component L5 300 OHM
Added Member To Class: ClassName=K64 Member=Component R46 33
Added Member To Class: ClassName=K64 Member=Component R49 33
Added Member To Class: ClassName=K64 Member=Component R72 0
Added Member To Class: ClassName=K64 Member=Component R80 0
Added Member To Class: ClassName=K64 Member=Component R_EXTAL32 0
Added Member To Class: ClassName=K64 Member=Component R_TAL32 1M
Added Member To Class: ClassName=K64 Member=Component R_VDDA1 0
Added Member To Class: ClassName=K64 Member=Component R_VDDA2 1k
Added Member To Class: ClassName=K64 Member=Component R_VDDA3 0
Added Member To Class: ClassName=K64 Member=Component R_XTAL32 0
Added Member To Class: ClassName=K64 Member=Component R_XTAL_K64_MAIN 0
Added Member To Class: ClassName=K64 Member=Component RPTC10 10k
Added Member To Class: ClassName=K64 Member=Component RPTC11 10k
Added Member To Class: ClassName=K64 Member=Component TAL_32 32.768KHZ
Added Member To Class: ClassName=K64 Member=Component TP_VOUT33 TP
Added Member To Class: ClassName=PTA[0..17] Member=Element[0]: PTA
Added Member To Class: ClassName=PTA[0..17] Member=Element[1]: PTA
Added Member To Class: ClassName=PTA[0..17] Member=Element[2]: PTA
Added Member To Class: ClassName=PTA[0..17] Member=Element[3]: PTA
Added Member To Class: ClassName=PTA[0..17] Member=Element[4]: PTA
Added Member To Class: ClassName=PTA[0..17] Member=Element[5]: PTA
Added Member To Class: ClassName=PTA[0..17] Member=Element[12]: PTA
Added Member To Class: ClassName=PTA[0..17] Member=Element[13]: PTA
Added Member To Class: ClassName=PTA[0..17] Member=Element[14]: PTA
Added Member To Class: ClassName=PTA[0..17] Member=Element[15]: PTA
Added Member To Class: ClassName=PTA[0..17] Member=Element[16]: PTA
Added Member To Class: ClassName=PTA[0..17] Member=Element[17]: PTA
Added Member To Class: ClassName=PTA[0..17] Member=Element[18]: PTA
Added Member To Class: ClassName=PTA[0..17] Member=Element[19]: PTA
Added Member To Class: ClassName=PTB[0..23] Member=Element[0]: PTB
Added Member To Class: ClassName=PTB[0..23] Member=Element[1]: PTB
Added Member To Class: ClassName=PTB[0..23] Member=Element[2]: PTB
Added Member To Class: ClassName=PTB[0..23] Member=Element[3]: PTB
Added Member To Class: ClassName=PTB[0..23] Member=Element[16]: PTB
Added Member To Class: ClassName=PTB[0..23] Member=Element[17]: PTB
Added Member To Class: ClassName=PTB[0..23] Member=Element[18]: I2S0_TX_BCLK
Added Member To Class: ClassName=PTB[0..23] Member=Element[19]: I2S0_TX_FS
Added Member To Class: ClassName=PTB[0..23] Member=Element[20]: PTB
Added Member To Class: ClassName=PTB[0..23] Member=Element[21]: PTB
Added Member To Class: ClassName=PTB[0..23] Member=Element[22]: PTB
Added Member To Class: ClassName=PTB[0..23] Member=Element[23]: PTB
Added Member To Class: ClassName=PTC[0..18] Member=Element[0]: PTC
Added Member To Class: ClassName=PTC[0..18] Member=Element[1]: PTC
Added Member To Class: ClassName=PTC[0..18] Member=Element[2]: PTC
Added Member To Class: ClassName=PTC[0..18] Member=Element[3]: PTC
Added Member To Class: ClassName=PTC[0..18] Member=Element[4]: PTC
Added Member To Class: ClassName=PTC[0..18] Member=Element[5]: PTC
Added Member To Class: ClassName=PTC[0..18] Member=Element[6]: PTC
Added Member To Class: ClassName=PTC[0..18] Member=Element[7]: PTC
Added Member To Class: ClassName=PTC[0..18] Member=Element[8]: PTC
Added Member To Class: ClassName=PTC[0..18] Member=Element[9]: PTC
Added Member To Class: ClassName=PTC[0..18] Member=Element[10]: PTC
Added Member To Class: ClassName=PTC[0..18] Member=Element[11]: PTC
Added Member To Class: ClassName=PTC[0..18] Member=Element[12]: PTC
Added Member To Class: ClassName=PTC[0..18] Member=Element[13]: PTC
Added Member To Class: ClassName=PTC[0..18] Member=Element[14]: PTC
Added Member To Class: ClassName=PTC[0..18] Member=Element[15]: PTC
Added Member To Class: ClassName=PTC[0..18] Member=Element[16]: PTC
Added Member To Class: ClassName=PTC[0..18] Member=Element[17]: PTC
Added Member To Class: ClassName=PTC[0..18] Member=Element[18]: PTC
Added Member To Class: ClassName=PTD[0..7] Member=Element[0]: PTD
Added Member To Class: ClassName=PTD[0..7] Member=Element[1]: ILI9341_SCK
Added Member To Class: ClassName=PTD[0..7] Member=Element[2]: ILI9341_MOSI
Added Member To Class: ClassName=PTD[0..7] Member=Element[3]: ILI9341_CS
Added Member To Class: ClassName=PTD[0..7] Member=Element[4]: ILI9341_RST
Added Member To Class: ClassName=PTD[0..7] Member=Element[5]: ILI9341_DS/RS
Added Member To Class: ClassName=PTD[0..7] Member=Element[6]: PTD
Added Member To Class: ClassName=PTD[0..7] Member=Element[7]: PTD
Added Member To Class: ClassName=PTE[0..6] Member=Element[3]: PTE
Added Member To Class: ClassName=PTE[0..6] Member=Element[4]: PTE
Added Member To Class: ClassName=PTE[0..6] Member=Element[5]: PTE
Added Member To Class: ClassName=PTE[0..6] Member=Element[6]: PTE
Added Member To Class: ClassName=PTE[0..6] Member=Element[9]: PTE
Added Member To Class: ClassName=PTE[0..6] Member=Element[10]: PTE
Added Member To Class: ClassName=PTE[0..6] Member=Element[11]: PTE
Added Member To Class: ClassName=PTE[0..6] Member=Element[24]: PTE
Added Member To Class: ClassName=PTE[0..6] Member=Element[25]: PTE
Added Member To Class: ClassName=PTE[0..6] Member=Element[26]: PTE
Added Room: Name=K64
